<?xml version="1.0" encoding="UTF-8"?>
<!-- Generated by org.testng.reporters.JUnitReportReporter -->
<testsuite skipped="0" hostname="Irinas-MacBook-Pro-2.local" name="tests.TestTaskTwo" tests="1" failures="0" timestamp="12 Dec 2018 00:58:52 GMT" time="35.712" errors="0">
  <testcase name="testTopSearchIsFunctional" time="35.712" classname="tests.TestTaskTwo"/>
</testsuite> <!-- tests.TestTaskTwo -->
