<?xml version="1.0" encoding="UTF-8"?>
<!-- Generated by org.testng.reporters.JUnitReportReporter -->
<testsuite skipped="0" hostname="Irinas-MacBook-Pro-2.local" name="tests.TestTaskTwo" tests="1" failures="0" timestamp="11 Dec 2018 23:44:41 GMT" time="33.793" errors="0">
  <testcase name="testTopSearchIsFunctional" time="33.793" classname="tests.TestTaskTwo"/>
</testsuite> <!-- tests.TestTaskTwo -->
